INFO:sqlalchemy.engine.base.Engine:SELECT DATABASE()
INFO:sqlalchemy.engine.base.Engine:()
INFO:sqlalchemy.engine.base.Engine:SHOW VARIABLES LIKE 'character_set%%'
INFO:sqlalchemy.engine.base.Engine:()
INFO:sqlalchemy.engine.base.Engine:SHOW VARIABLES LIKE 'lower_case_table_names'
INFO:sqlalchemy.engine.base.Engine:()
INFO:sqlalchemy.engine.base.Engine:SHOW COLLATION
INFO:sqlalchemy.engine.base.Engine:()
INFO:sqlalchemy.engine.base.Engine:SHOW VARIABLES LIKE 'sql_mode'
INFO:sqlalchemy.engine.base.Engine:()
INFO:sqlalchemy.engine.base.Engine:DESCRIBE `turkdemo`
INFO:sqlalchemy.engine.base.Engine:()
INFO:sqlalchemy.engine.base.Engine:SELECT DATABASE()
INFO:sqlalchemy.engine.base.Engine:()
INFO:sqlalchemy.engine.base.Engine:SHOW VARIABLES LIKE 'character_set%%'
INFO:sqlalchemy.engine.base.Engine:()
INFO:sqlalchemy.engine.base.Engine:SHOW VARIABLES LIKE 'lower_case_table_names'
INFO:sqlalchemy.engine.base.Engine:()
INFO:sqlalchemy.engine.base.Engine:SHOW COLLATION
INFO:sqlalchemy.engine.base.Engine:()
INFO:sqlalchemy.engine.base.Engine:SHOW VARIABLES LIKE 'sql_mode'
INFO:sqlalchemy.engine.base.Engine:()
INFO:sqlalchemy.engine.base.Engine:BEGIN (implicit)
INFO:sqlalchemy.engine.base.Engine:SELECT turkdemo.status AS turkdemo_status, turkdemo.subjid AS turkdemo_subjid 
FROM turkdemo 
WHERE turkdemo.hitid = %s AND turkdemo.assignmentid = %s AND turkdemo.workerid IS NULL
INFO:sqlalchemy.engine.base.Engine:(u'2GOKW4ZMAZHH8MWPONFNTVRI81J9I2', u'debug')
INFO:sqlalchemy.engine.base.Engine:BEGIN (implicit)
INFO:sqlalchemy.engine.base.Engine:SELECT turkdemo.status AS turkdemo_status, turkdemo.subjid AS turkdemo_subjid 
FROM turkdemo 
WHERE turkdemo.hitid = %s AND turkdemo.assignmentid = %s AND turkdemo.workerid IS NULL
INFO:sqlalchemy.engine.base.Engine:(u'2GOKW4ZMAZHH8MWPONFNTVRI81J9I2', u'debug')
INFO:sqlalchemy.engine.base.Engine:BEGIN (implicit)
INFO:sqlalchemy.engine.base.Engine:SELECT turkdemo.subjid AS turkdemo_subjid, turkdemo.cond AS turkdemo_cond, turkdemo.counterbalance AS turkdemo_counterbalance, turkdemo.status AS turkdemo_status 
FROM turkdemo 
WHERE turkdemo.hitid = %s AND turkdemo.assignmentid = %s AND turkdemo.workerid = %s
INFO:sqlalchemy.engine.base.Engine:(u'2GOKW4ZMAZHH8MWPONFNTVRI81J9I2', u'debug', u'None')
INFO:sqlalchemy.engine.base.Engine:SELECT DATABASE()
INFO:sqlalchemy.engine.base.Engine:()
INFO:sqlalchemy.engine.base.Engine:SHOW VARIABLES LIKE 'character_set%%'
INFO:sqlalchemy.engine.base.Engine:()
INFO:sqlalchemy.engine.base.Engine:SHOW VARIABLES LIKE 'lower_case_table_names'
INFO:sqlalchemy.engine.base.Engine:()
INFO:sqlalchemy.engine.base.Engine:SHOW COLLATION
INFO:sqlalchemy.engine.base.Engine:()
INFO:sqlalchemy.engine.base.Engine:SHOW VARIABLES LIKE 'sql_mode'
INFO:sqlalchemy.engine.base.Engine:()
INFO:sqlalchemy.engine.base.Engine:BEGIN (implicit)
INFO:sqlalchemy.engine.base.Engine:SELECT turkdemo.subjid AS turkdemo_subjid, turkdemo.cond AS turkdemo_cond, turkdemo.counterbalance AS turkdemo_counterbalance, turkdemo.status AS turkdemo_status 
FROM turkdemo 
WHERE turkdemo.hitid = %s AND turkdemo.assignmentid = %s AND turkdemo.workerid = %s
INFO:sqlalchemy.engine.base.Engine:(u'2GOKW4ZMAZHH8MWPONFNTVRI81J9I2', u'debug', u'aksjdha')
INFO:sqlalchemy.engine.base.Engine:SELECT turkdemo.cond AS turkdemo_cond 
FROM turkdemo 
WHERE turkdemo.codeversion = %s AND (turkdemo.endhit IS NOT NULL OR turkdemo.beginhit > %s)
INFO:sqlalchemy.engine.base.Engine:('1.0', datetime.datetime(2012, 2, 22, 15, 33, 24, 402434))
INFO:sqlalchemy.engine.base.Engine:BEGIN (implicit)
INFO:sqlalchemy.engine.base.Engine:SELECT turkdemo.counterbalance AS turkdemo_counterbalance 
FROM turkdemo 
WHERE turkdemo.codeversion = %s AND (turkdemo.endhit IS NOT NULL OR turkdemo.beginhit > %s)
INFO:sqlalchemy.engine.base.Engine:('1.0', datetime.datetime(2012, 2, 22, 15, 33, 24, 432708))
INFO:sqlalchemy.engine.base.Engine:INSERT INTO turkdemo (ipaddress, hitid, assignmentid, workerid, cond, counterbalance, codeversion, beginhit, beginexp, endhit, status, debriefed, datastring) VALUES (%s, %s, %s, %s, %s, %s, %s, %s, %s, %s, %s, %s, %s)
INFO:sqlalchemy.engine.base.Engine:('127.0.0.1', u'2GOKW4ZMAZHH8MWPONFNTVRI81J9I2', u'debug', u'aksjdha', 0, 0, '1.0', datetime.datetime(2012, 2, 22, 16, 3, 24, 488858), None, None, 1, 0, None)
INFO:sqlalchemy.engine.base.Engine:COMMIT
INFO:sqlalchemy.engine.base.Engine:BEGIN (implicit)
INFO:sqlalchemy.engine.base.Engine:SELECT turkdemo.subjid AS turkdemo_subjid, turkdemo.ipaddress AS turkdemo_ipaddress, turkdemo.hitid AS turkdemo_hitid, turkdemo.assignmentid AS turkdemo_assignmentid, turkdemo.workerid AS turkdemo_workerid, turkdemo.cond AS turkdemo_cond, turkdemo.counterbalance AS turkdemo_counterbalance, turkdemo.codeversion AS turkdemo_codeversion, turkdemo.beginhit AS turkdemo_beginhit, turkdemo.beginexp AS turkdemo_beginexp, turkdemo.endhit AS turkdemo_endhit, turkdemo.status AS turkdemo_status, turkdemo.debriefed AS turkdemo_debriefed, turkdemo.datastring AS turkdemo_datastring 
FROM turkdemo 
WHERE turkdemo.subjid = %s
INFO:sqlalchemy.engine.base.Engine:(2L,)
INFO:sqlalchemy.engine.base.Engine:BEGIN (implicit)
INFO:sqlalchemy.engine.base.Engine:SELECT turkdemo.subjid AS turkdemo_subjid, turkdemo.ipaddress AS turkdemo_ipaddress, turkdemo.hitid AS turkdemo_hitid, turkdemo.assignmentid AS turkdemo_assignmentid, turkdemo.workerid AS turkdemo_workerid, turkdemo.cond AS turkdemo_cond, turkdemo.counterbalance AS turkdemo_counterbalance, turkdemo.codeversion AS turkdemo_codeversion, turkdemo.beginhit AS turkdemo_beginhit, turkdemo.beginexp AS turkdemo_beginexp, turkdemo.endhit AS turkdemo_endhit, turkdemo.status AS turkdemo_status, turkdemo.debriefed AS turkdemo_debriefed, turkdemo.datastring AS turkdemo_datastring 
FROM turkdemo 
WHERE turkdemo.subjid = %s
INFO:sqlalchemy.engine.base.Engine:(2,)
INFO:sqlalchemy.engine.base.Engine:UPDATE turkdemo SET endhit=%s, status=%s, datastring=%s WHERE turkdemo.subjid = %s
INFO:sqlalchemy.engine.base.Engine:(datetime.datetime(2012, 2, 22, 16, 3, 44, 908764), 3, u'2,INSTRUCT,instruct,6385\r\n2,1,TEST,RED,red,true,red,true,1844\r\n2,2,TEST,GREEN,red,true,red,true,732\r\n2,3,TEST,ZAMBONI,blue,true,blue,true,884\r\n2,4,TEST,BLUE,green,true,green,true,523\r\n2,5,TEST,BLUE,blue,true,blue,true,563\r\n2,6,TEST,MONKEY,green,true,green,true,596\r\n2,7,TEST,RED,blue,true,blue,true,779\r\n2,8,TEST,SHIP,red,true,red,true,1871\r\n2,9,TEST,GREEN,green,true,green,true,659\r\n2,INSTRUCT,postquestionnaire,2\r\n\r\nengagement:5\r\ndifficulty:5', 2L)
INFO:sqlalchemy.engine.base.Engine:COMMIT
INFO:sqlalchemy.engine.base.Engine:BEGIN (implicit)
INFO:sqlalchemy.engine.base.Engine:SELECT turkdemo.subjid AS turkdemo_subjid, turkdemo.ipaddress AS turkdemo_ipaddress, turkdemo.hitid AS turkdemo_hitid, turkdemo.assignmentid AS turkdemo_assignmentid, turkdemo.workerid AS turkdemo_workerid, turkdemo.cond AS turkdemo_cond, turkdemo.counterbalance AS turkdemo_counterbalance, turkdemo.codeversion AS turkdemo_codeversion, turkdemo.beginhit AS turkdemo_beginhit, turkdemo.beginexp AS turkdemo_beginexp, turkdemo.endhit AS turkdemo_endhit, turkdemo.status AS turkdemo_status, turkdemo.debriefed AS turkdemo_debriefed, turkdemo.datastring AS turkdemo_datastring 
FROM turkdemo 
WHERE turkdemo.subjid = %s
INFO:sqlalchemy.engine.base.Engine:('2',)
INFO:sqlalchemy.engine.base.Engine:UPDATE turkdemo SET status=%s, debriefed=%s WHERE turkdemo.subjid = %s
INFO:sqlalchemy.engine.base.Engine:(4, 1, 2L)
INFO:sqlalchemy.engine.base.Engine:COMMIT
INFO:sqlalchemy.engine.base.Engine:BEGIN (implicit)
INFO:sqlalchemy.engine.base.Engine:SELECT turkdemo.status AS turkdemo_status, turkdemo.subjid AS turkdemo_subjid 
FROM turkdemo 
WHERE turkdemo.hitid = %s AND turkdemo.assignmentid = %s AND turkdemo.workerid IS NULL
INFO:sqlalchemy.engine.base.Engine:(u'2GOKW4ZMAZHH8MWPONFNTVRI81J9I2', u'debug')
